2025-05-08 21:50:51,822 - semgrep.notifications - WARNING - METRICS: Using configs from the Registry (like --config=p/ci) reports pseudonymous rule metrics to semgrep.dev.
To disable Registry rule metrics, use "--metrics=off".
Using configs only from local files (like --config=xyz.yml) does not enable metrics.

More information: https://semgrep.dev/docs/metrics

2025-05-08 21:50:51,823 - semgrep.run_scan - DEBUG - semgrep version 1.2.0
2025-05-08 21:50:51,827 - semgrep.git - DEBUG - Failed to get project url from 'git ls-remote': Command failed with exit code: 128
-----
Command failed with output:
fatal: No remote configured to list refs from.


Failed to run 'git ls-remote --get-url'. Possible reasons:

- the git binary is not available
- the current working directory is not a git repository
- the baseline commit is not a parent of the current commit
    (if you are running through semgrep-app, check if you are setting `SEMGREP_BRANCH` or `SEMGREP_BASELINE_COMMIT` properly)
- the current working directory is not marked as safe
    (fix with `git config --global --add safe.directory $(pwd)`)

Try running the command yourself to debug the issue.
2025-05-08 21:50:51,828 - semgrep.config_resolver - DEBUG - Loading local config from /home/runner/workspace/.config/.semgrep/semgrep_rules.json
2025-05-08 21:50:51,831 - semgrep.config_resolver - DEBUG - Done loading local config from /home/runner/workspace/.config/.semgrep/semgrep_rules.json
2025-05-08 21:50:51,834 - semgrep.config_resolver - DEBUG - Saving rules to /tmp/semgrep-zob9lwys.rules
2025-05-08 21:50:52,044 - semgrep.semgrep_core - DEBUG - Failed to open resource semgrep-core-proprietary: [Errno 2] No such file or directory: '/tmp/_MEI7sqDMq/semgrep/bin/semgrep-core-proprietary'.
2025-05-08 21:50:52,728 - semgrep.rule_lang - DEBUG - semgrep-core validation response: valid=True
2025-05-08 21:50:52,728 - semgrep.rule_lang - DEBUG - semgrep-core validation succeeded
2025-05-08 21:50:52,728 - semgrep.rule_lang - DEBUG - RPC validation succeeded
2025-05-08 21:50:52,729 - semgrep.config_resolver - DEBUG - loaded 1 configs in 0.9006156921386719
2025-05-08 21:50:52,931 - semgrep.run_scan - VERBOSE - running 1250 rules from 1 config /home/runner/workspace/.config/.semgrep/semgrep_rules.json_0
2025-05-08 21:50:52,931 - semgrep.run_scan - VERBOSE - No .semgrepignore found. Using default .semgrepignore rules. See the docs for the list of default ignores: https://semgrep.dev/docs/cli-usage/#ignore-files
2025-05-08 21:50:52,934 - semgrep.run_scan - VERBOSE - Rules:
2025-05-08 21:50:52,934 - semgrep.run_scan - VERBOSE - <SKIPPED DATA (too many entries; use --max-log-list-entries)>
2025-05-08 21:50:53,331 - semgrep.core_runner - DEBUG - Passing whole rules directly to semgrep_core
2025-05-08 21:50:53,506 - semgrep.core_runner - DEBUG - Running Semgrep engine with command:
2025-05-08 21:50:53,506 - semgrep.core_runner - DEBUG - /tmp/_MEI7sqDMq/semgrep/bin/opengrep-core -json -rules /tmp/tmpw8_xv8ln.json -j 8 -targets /tmp/tmpy7k7d7id -timeout 5 -timeout_threshold 3 -max_memory 0 -fast
2025-05-08 21:50:57,301 - semgrep.core_runner - DEBUG - --- semgrep-core stderr ---
[00.06][[34mINFO[0m]: Executed as: /tmp/_MEI7sqDMq/semgrep/bin/opengrep-core -json -rules /tmp/tmpw8_xv8ln.json -j 8 -targets /tmp/tmpy7k7d7id -timeout 5 -timeout_threshold 3 -max_memory 0 -fast
[00.06][[34mINFO[0m]: Version: 1.2.0
[00.06][[34mINFO[0m]: Parsing rules in /tmp/tmpw8_xv8ln.json
[00.77][[34mINFO[0m]: scan: processing 262 files (skipping 0), with 487 rules (skipping 0 )
[02.60][[33mWARNING[0m]: Fixpoint timeout while performing taint analysis [rule: config..semgrep.vendored-rules.javascript.lang.security.audit.detect-non-literal-require file: client/src/components/twin-sync-section.tsx func: ???]
[0m[02.89][[33mWARNING[0m]: Fixpoint timeout while performing taint analysis [rule: config..semgrep.vendored-rules.typescript.react.security.audit.react-href-var file: client/src/components/contact-section.tsx func: ???]
[0m[03.75][[34mINFO[0m]: Custom ignore pattern: None
[03.75][[34mINFO[0m]: Custom ignore pattern: None
--- end semgrep-core stderr ---
2025-05-08 21:50:57,310 - semgrep.rule_match - DEBUG - match_key = ('', PosixPath('client/index.html'), 'config..semgrep.vendored-rules.html.security.audit.missing-integrity') match_id = 0ee74fd49637bebe183eca7188dbde26e386314e62cc2e7ba1ee60b377b638243fcd84e6c6fa04886198ccacfa6a711bfbcc61a28f9ddc913d5b3c53083cbc90_0
2025-05-08 21:50:57,311 - semgrep.rule_match - DEBUG - match_key = (' href="https://cdnjs.cloudflare.com/ajax/libs/font-awesome/6.4.0/css/all.min.css" rel="stylesheet" (?is).*integrity= (google-analytics\\.com|fonts\\.googleapis\\.com|fonts\\.gstatic\\.com|googletagmanager\\.com) .*rel\\s*=\\s*[\'"]?preconnect.* href="... :// ..." href="//..." href=\'... :// ...\' href=\'//...\' src="... :// ..." src="//..." src=\'... :// ...\' src=\'//...\' <link  href="https://cdnjs.cloudflare.com/ajax/libs/font-awesome/6.4.0/css/all.min.css" rel="stylesheet" > <script  href="https://cdnjs.cloudflare.com/ajax/libs/font-awesome/6.4.0/css/all.min.css" rel="stylesheet" >...</script>', PosixPath('client/index.html'), 'config..semgrep.vendored-rules.html.security.audit.missing-integrity') match_id = b49878117001e5526d0ddb80975433e4d6e2f7ba90b0062cdb5079b823b58fa01900cf30cd37c08f6b4f1c19d48b79470eb7ee4c03da7ed44a890e962e9e3647_0
2025-05-08 21:50:57,312 - semgrep.rule_match - DEBUG - match_key = (' href="https://cdnjs.cloudflare.com/ajax/libs/font-awesome/6.4.0/css/all.min.css" rel="stylesheet" (?is).*integrity= (google-analytics\\.com|fonts\\.googleapis\\.com|fonts\\.gstatic\\.com|googletagmanager\\.com) .*rel\\s*=\\s*[\'"]?preconnect.* href="... :// ..." href="//..." href=\'... :// ...\' href=\'//...\' src="... :// ..." src="//..." src=\'... :// ...\' src=\'//...\' <link  href="https://cdnjs.cloudflare.com/ajax/libs/font-awesome/6.4.0/css/all.min.css" rel="stylesheet" > <script  href="https://cdnjs.cloudflare.com/ajax/libs/font-awesome/6.4.0/css/all.min.css" rel="stylesheet" >...</script>', PosixPath('client/index.html'), 'config..semgrep.vendored-rules.html.security.audit.missing-integrity') match_id = b49878117001e5526d0ddb80975433e4d6e2f7ba90b0062cdb5079b823b58fa01900cf30cd37c08f6b4f1c19d48b79470eb7ee4c03da7ed44a890e962e9e3647_0
2025-05-08 21:50:57,313 - semgrep.rule_match - DEBUG - match_key = (' href="https://cdnjs.cloudflare.com/ajax/libs/font-awesome/6.4.0/css/all.min.css" rel="stylesheet" (?is).*integrity= (google-analytics\\.com|fonts\\.googleapis\\.com|fonts\\.gstatic\\.com|googletagmanager\\.com) .*rel\\s*=\\s*[\'"]?preconnect.* href="... :// ..." href="//..." href=\'... :// ...\' href=\'//...\' src="... :// ..." src="//..." src=\'... :// ...\' src=\'//...\' <link  href="https://cdnjs.cloudflare.com/ajax/libs/font-awesome/6.4.0/css/all.min.css" rel="stylesheet" > <script  href="https://cdnjs.cloudflare.com/ajax/libs/font-awesome/6.4.0/css/all.min.css" rel="stylesheet" >...</script>', PosixPath('client/index.html'), 'config..semgrep.vendored-rules.html.security.audit.missing-integrity') match_id = b49878117001e5526d0ddb80975433e4d6e2f7ba90b0062cdb5079b823b58fa01900cf30cd37c08f6b4f1c19d48b79470eb7ee4c03da7ed44a890e962e9e3647_0
2025-05-08 21:50:57,313 - semgrep.rule_match - DEBUG - match_key = ('', PosixPath('client/index.html'), 'config..semgrep.vendored-rules.html.security.audit.missing-integrity') match_id = 0ee74fd49637bebe183eca7188dbde26e386314e62cc2e7ba1ee60b377b638243fcd84e6c6fa04886198ccacfa6a711bfbcc61a28f9ddc913d5b3c53083cbc90_0
2025-05-08 21:50:57,314 - semgrep.rule_match - DEBUG - match_key = (' type="text/javascript" src="https://replit.com/public/js/replit-dev-banner.js" (?is).*integrity= (google-analytics\\.com|fonts\\.googleapis\\.com|fonts\\.gstatic\\.com|googletagmanager\\.com) .*rel\\s*=\\s*[\'"]?preconnect.* href="... :// ..." href="//..." href=\'... :// ...\' href=\'//...\' src="... :// ..." src="//..." src=\'... :// ...\' src=\'//...\' <link  type="text/javascript" src="https://replit.com/public/js/replit-dev-banner.js" > <script  type="text/javascript" src="https://replit.com/public/js/replit-dev-banner.js" >...</script>', PosixPath('client/index.html'), 'config..semgrep.vendored-rules.html.security.audit.missing-integrity') match_id = 0728b64e224596592d04447ba8a642ff94e1fb9fcc07be26d49dc7e7f6898e638ad16ffcaca086932c58f4c6400fe32603323afef02cf9bfebcb0e4a53562a40_0
2025-05-08 21:50:57,315 - semgrep.rule_match - DEBUG - match_key = (' type="text/javascript" src="https://replit.com/public/js/replit-dev-banner.js" (?is).*integrity= (google-analytics\\.com|fonts\\.googleapis\\.com|fonts\\.gstatic\\.com|googletagmanager\\.com) .*rel\\s*=\\s*[\'"]?preconnect.* href="... :// ..." href="//..." href=\'... :// ...\' href=\'//...\' src="... :// ..." src="//..." src=\'... :// ...\' src=\'//...\' <link  type="text/javascript" src="https://replit.com/public/js/replit-dev-banner.js" > <script  type="text/javascript" src="https://replit.com/public/js/replit-dev-banner.js" >...</script>', PosixPath('client/index.html'), 'config..semgrep.vendored-rules.html.security.audit.missing-integrity') match_id = 0728b64e224596592d04447ba8a642ff94e1fb9fcc07be26d49dc7e7f6898e638ad16ffcaca086932c58f4c6400fe32603323afef02cf9bfebcb0e4a53562a40_0
2025-05-08 21:50:57,315 - semgrep.rule_match - DEBUG - match_key = (' type="text/javascript" src="https://replit.com/public/js/replit-dev-banner.js" (?is).*integrity= (google-analytics\\.com|fonts\\.googleapis\\.com|fonts\\.gstatic\\.com|googletagmanager\\.com) .*rel\\s*=\\s*[\'"]?preconnect.* href="... :// ..." href="//..." href=\'... :// ...\' href=\'//...\' src="... :// ..." src="//..." src=\'... :// ...\' src=\'//...\' <link  type="text/javascript" src="https://replit.com/public/js/replit-dev-banner.js" > <script  type="text/javascript" src="https://replit.com/public/js/replit-dev-banner.js" >...</script>', PosixPath('client/index.html'), 'config..semgrep.vendored-rules.html.security.audit.missing-integrity') match_id = 0728b64e224596592d04447ba8a642ff94e1fb9fcc07be26d49dc7e7f6898e638ad16ffcaca086932c58f4c6400fe32603323afef02cf9bfebcb0e4a53562a40_0
2025-05-08 21:50:57,316 - semgrep.rule_match - DEBUG - match_key = ('', PosixPath('client/src/components/ai-agents-section.tsx'), 'config..semgrep.vendored-rules.typescript.react.security.audit.react-href-var') match_id = 4dec7c65cb5267d999f3fb237fe4538fdf03482c9378dff4b7bf78275338fe3e9c1c48100b4abefec27d79f6de599d553486dff691faa753fafbca6c687a956e_0
2025-05-08 21:50:57,317 - semgrep.rule_match - DEBUG - match_key = ('', PosixPath('client/src/components/ai-agents-section.tsx'), 'config..semgrep.vendored-rules.typescript.react.security.audit.react-href-var') match_id = 4dec7c65cb5267d999f3fb237fe4538fdf03482c9378dff4b7bf78275338fe3e9c1c48100b4abefec27d79f6de599d553486dff691faa753fafbca6c687a956e_0
2025-05-08 21:50:57,318 - semgrep.rule_match - DEBUG - match_key = ('', PosixPath('client/src/components/ai-agents-section.tsx'), 'config..semgrep.vendored-rules.typescript.react.security.audit.react-href-var') match_id = 4dec7c65cb5267d999f3fb237fe4538fdf03482c9378dff4b7bf78275338fe3e9c1c48100b4abefec27d79f6de599d553486dff691faa753fafbca6c687a956e_0
2025-05-08 21:50:57,319 - semgrep.rule_match - DEBUG - match_key = ('', PosixPath('client/src/components/ai-agents-section.tsx'), 'config..semgrep.vendored-rules.typescript.react.security.audit.react-href-var') match_id = 4dec7c65cb5267d999f3fb237fe4538fdf03482c9378dff4b7bf78275338fe3e9c1c48100b4abefec27d79f6de599d553486dff691faa753fafbca6c687a956e_0
2025-05-08 21:50:57,320 - semgrep.rule_match - DEBUG - match_key = ('', PosixPath('client/src/lib/utils.ts'), 'config..semgrep.vendored-rules.javascript.lang.security.audit.detect-redos') match_id = f42b6121d268cd6b3c1e12b6f68ece348b1493e29d255bd4dd9472358d6d6585b96cbaa7dcb1c344b1bc5262cf0dc714836fde61eea30b86ce28ca3bf5072cb9_0
2025-05-08 21:50:57,320 - semgrep.rule_match - DEBUG - match_key = ('"^(([^<>()[\\]\\\\.,;:\\s@"]+(\\.[^<>()[\\]\\\\.,;:\\s@"]+)*)|(".+"))@((\\[[0-9]{1,3}\\.[0-9]{1,3}\\.[0-9]{1,3}\\.[0-9]{1,3}\\])|(([a-zA-Z\\-0-9]+\\.)+[a-zA-Z]{2,}))$".test(...)\n $X.match("^(([^<>()[\\]\\\\.,;:\\s@"]+(\\.[^<>()[\\]\\\\.,;:\\s@"]+)*)|(".+"))@((\\[[0-9]{1,3}\\.[0-9]{1,3}\\.[0-9]{1,3}\\.[0-9]{1,3}\\])|(([a-zA-Z\\-0-9]+\\.)+[a-zA-Z]{2,}))$")\n $X.match(/^(([^<>()[\\]\\\\.,;:\\s@"]+(\\.[^<>()[\\]\\\\.,;:\\s@"]+)*)|(".+"))@((\\[[0-9]{1,3}\\.[0-9]{1,3}\\.[0-9]{1,3}\\.[0-9]{1,3}\\])|(([a-zA-Z\\-0-9]+\\.)+[a-zA-Z]{2,}))$/)\n /^(([^<>()[\\]\\\\.,;:\\s@"]+(\\.[^<>()[\\]\\\\.,;:\\s@"]+)*)|(".+"))@((\\[[0-9]{1,3}\\.[0-9]{1,3}\\.[0-9]{1,3}\\.[0-9]{1,3}\\])|(([a-zA-Z\\-0-9]+\\.)+[a-zA-Z]{2,}))$/.test(...)\n new RegExp("^(([^<>()[\\]\\\\.,;:\\s@"]+(\\.[^<>()[\\]\\\\.,;:\\s@"]+)*)|(".+"))@((\\[[0-9]{1,3}\\.[0-9]{1,3}\\.[0-9]{1,3}\\.[0-9]{1,3}\\])|(([a-zA-Z\\-0-9]+\\.)+[a-zA-Z]{2,}))$",...)\n new RegExp(/^(([^<>()[\\]\\\\.,;:\\s@"]+(\\.[^<>()[\\]\\\\.,;:\\s@"]+)*)|(".+"))@((\\[[0-9]{1,3}\\.[0-9]{1,3}\\.[0-9]{1,3}\\.[0-9]{1,3}\\])|(([a-zA-Z\\-0-9]+\\.)+[a-zA-Z]{2,}))$/,...)\n ^(([^<>()[\\]\\\\.,;:\\s@"]+(\\.[^<>()[\\]\\\\.,;:\\s@"]+)*)|(".+"))@((\\[[0-9]{1,3}\\.[0-9]{1,3}\\.[0-9]{1,3}\\.[0-9]{1,3}\\])|(([a-zA-Z\\-0-9]+\\.)+[a-zA-Z]{2,}))$ redos', PosixPath('client/src/lib/utils.ts'), 'config..semgrep.vendored-rules.javascript.lang.security.audit.detect-redos') match_id = f430cd52a9043d7298dc2abacadacb825f96fd64819b2dca27d1e9f9d506e9aac744a60b77e38817e89b4ab59af9cb6399dcc1354f7d6b9d2816f586d70fca38_0
2025-05-08 21:50:57,321 - semgrep.rule_match - DEBUG - match_key = ('"^(([^<>()[\\]\\\\.,;:\\s@"]+(\\.[^<>()[\\]\\\\.,;:\\s@"]+)*)|(".+"))@((\\[[0-9]{1,3}\\.[0-9]{1,3}\\.[0-9]{1,3}\\.[0-9]{1,3}\\])|(([a-zA-Z\\-0-9]+\\.)+[a-zA-Z]{2,}))$".test(...)\n $X.match("^(([^<>()[\\]\\\\.,;:\\s@"]+(\\.[^<>()[\\]\\\\.,;:\\s@"]+)*)|(".+"))@((\\[[0-9]{1,3}\\.[0-9]{1,3}\\.[0-9]{1,3}\\.[0-9]{1,3}\\])|(([a-zA-Z\\-0-9]+\\.)+[a-zA-Z]{2,}))$")\n $X.match(/^(([^<>()[\\]\\\\.,;:\\s@"]+(\\.[^<>()[\\]\\\\.,;:\\s@"]+)*)|(".+"))@((\\[[0-9]{1,3}\\.[0-9]{1,3}\\.[0-9]{1,3}\\.[0-9]{1,3}\\])|(([a-zA-Z\\-0-9]+\\.)+[a-zA-Z]{2,}))$/)\n /^(([^<>()[\\]\\\\.,;:\\s@"]+(\\.[^<>()[\\]\\\\.,;:\\s@"]+)*)|(".+"))@((\\[[0-9]{1,3}\\.[0-9]{1,3}\\.[0-9]{1,3}\\.[0-9]{1,3}\\])|(([a-zA-Z\\-0-9]+\\.)+[a-zA-Z]{2,}))$/.test(...)\n new RegExp("^(([^<>()[\\]\\\\.,;:\\s@"]+(\\.[^<>()[\\]\\\\.,;:\\s@"]+)*)|(".+"))@((\\[[0-9]{1,3}\\.[0-9]{1,3}\\.[0-9]{1,3}\\.[0-9]{1,3}\\])|(([a-zA-Z\\-0-9]+\\.)+[a-zA-Z]{2,}))$",...)\n new RegExp(/^(([^<>()[\\]\\\\.,;:\\s@"]+(\\.[^<>()[\\]\\\\.,;:\\s@"]+)*)|(".+"))@((\\[[0-9]{1,3}\\.[0-9]{1,3}\\.[0-9]{1,3}\\.[0-9]{1,3}\\])|(([a-zA-Z\\-0-9]+\\.)+[a-zA-Z]{2,}))$/,...)\n ^(([^<>()[\\]\\\\.,;:\\s@"]+(\\.[^<>()[\\]\\\\.,;:\\s@"]+)*)|(".+"))@((\\[[0-9]{1,3}\\.[0-9]{1,3}\\.[0-9]{1,3}\\.[0-9]{1,3}\\])|(([a-zA-Z\\-0-9]+\\.)+[a-zA-Z]{2,}))$ redos', PosixPath('client/src/lib/utils.ts'), 'config..semgrep.vendored-rules.javascript.lang.security.audit.detect-redos') match_id = f430cd52a9043d7298dc2abacadacb825f96fd64819b2dca27d1e9f9d506e9aac744a60b77e38817e89b4ab59af9cb6399dcc1354f7d6b9d2816f586d70fca38_0
2025-05-08 21:50:57,322 - semgrep.rule_match - DEBUG - match_key = ('"^(([^<>()[\\]\\\\.,;:\\s@"]+(\\.[^<>()[\\]\\\\.,;:\\s@"]+)*)|(".+"))@((\\[[0-9]{1,3}\\.[0-9]{1,3}\\.[0-9]{1,3}\\.[0-9]{1,3}\\])|(([a-zA-Z\\-0-9]+\\.)+[a-zA-Z]{2,}))$".test(...)\n $X.match("^(([^<>()[\\]\\\\.,;:\\s@"]+(\\.[^<>()[\\]\\\\.,;:\\s@"]+)*)|(".+"))@((\\[[0-9]{1,3}\\.[0-9]{1,3}\\.[0-9]{1,3}\\.[0-9]{1,3}\\])|(([a-zA-Z\\-0-9]+\\.)+[a-zA-Z]{2,}))$")\n $X.match(/^(([^<>()[\\]\\\\.,;:\\s@"]+(\\.[^<>()[\\]\\\\.,;:\\s@"]+)*)|(".+"))@((\\[[0-9]{1,3}\\.[0-9]{1,3}\\.[0-9]{1,3}\\.[0-9]{1,3}\\])|(([a-zA-Z\\-0-9]+\\.)+[a-zA-Z]{2,}))$/)\n /^(([^<>()[\\]\\\\.,;:\\s@"]+(\\.[^<>()[\\]\\\\.,;:\\s@"]+)*)|(".+"))@((\\[[0-9]{1,3}\\.[0-9]{1,3}\\.[0-9]{1,3}\\.[0-9]{1,3}\\])|(([a-zA-Z\\-0-9]+\\.)+[a-zA-Z]{2,}))$/.test(...)\n new RegExp("^(([^<>()[\\]\\\\.,;:\\s@"]+(\\.[^<>()[\\]\\\\.,;:\\s@"]+)*)|(".+"))@((\\[[0-9]{1,3}\\.[0-9]{1,3}\\.[0-9]{1,3}\\.[0-9]{1,3}\\])|(([a-zA-Z\\-0-9]+\\.)+[a-zA-Z]{2,}))$",...)\n new RegExp(/^(([^<>()[\\]\\\\.,;:\\s@"]+(\\.[^<>()[\\]\\\\.,;:\\s@"]+)*)|(".+"))@((\\[[0-9]{1,3}\\.[0-9]{1,3}\\.[0-9]{1,3}\\.[0-9]{1,3}\\])|(([a-zA-Z\\-0-9]+\\.)+[a-zA-Z]{2,}))$/,...)\n ^(([^<>()[\\]\\\\.,;:\\s@"]+(\\.[^<>()[\\]\\\\.,;:\\s@"]+)*)|(".+"))@((\\[[0-9]{1,3}\\.[0-9]{1,3}\\.[0-9]{1,3}\\.[0-9]{1,3}\\])|(([a-zA-Z\\-0-9]+\\.)+[a-zA-Z]{2,}))$ redos', PosixPath('client/src/lib/utils.ts'), 'config..semgrep.vendored-rules.javascript.lang.security.audit.detect-redos') match_id = f430cd52a9043d7298dc2abacadacb825f96fd64819b2dca27d1e9f9d506e9aac744a60b77e38817e89b4ab59af9cb6399dcc1354f7d6b9d2816f586d70fca38_0
2025-05-08 21:50:57,326 - semgrep.core_runner - DEBUG - semgrep ran in 0:00:03.995130 on 89 files
2025-05-08 21:50:57,332 - semgrep.core_runner - DEBUG - findings summary: 4 warning, 0 error, 0 info
2025-05-08 21:50:57,337 - semgrep.app.auth - DEBUG - Getting API token from settings file
2025-05-08 21:50:57,337 - semgrep.app.auth - DEBUG - No API token found in settings file
2025-05-08 21:50:57,338 - semgrep.semgrep_core - DEBUG - Failed to open resource semgrep-core-proprietary: [Errno 2] No such file or directory: '/tmp/_MEI7sqDMq/semgrep/bin/semgrep-core-proprietary'.
2025-05-08 21:50:57,501 - semgrep.output - VERBOSE - 
========================================
Files skipped:
========================================

  Always skipped by Opengrep:

   • <none>

  Skipped by .gitignore:
  (Disable by passing --no-git-ignore)

   • <all files not listed by `git ls-files` were skipped>

  Skipped by .semgrepignore:
  - https://semgrep.dev/docs/ignoring-files-folders-code/#understand-semgrep-defaults

   • <none>

  Skipped by --include patterns:

   • <none>

  Skipped by --exclude patterns:

   • <none>

  Files skipped due to insufficient read permissions:

   • <none>

  Skipped by limiting to files smaller than 1000000 bytes:
  (Adjust with the --max-target-bytes flag)

   • <none>

  Partially analyzed due to parsing or internal Opengrep errors

   • tailwind.config.ts (1 lines skipped)

2025-05-08 21:50:57,502 - semgrep.output - INFO - Some files were skipped or only partially analyzed.
  Scan was limited to files tracked by git.
  Partially scanned: 1 files only partially analyzed due to parsing or internal Opengrep errors

Ran 443 rules on 89 files: 4 findings.
2025-05-08 21:50:57,503 - semgrep.app.version - DEBUG - Version cache does not exist
2025-05-08 21:50:57,530 - semgrep.metrics - VERBOSE - Not sending pseudonymous metrics since metrics are configured to OFF and registry usage is False
